#
# A fatal error has been detected by the Java Runtime Environment:
#
#  EXCEPTION_ACCESS_VIOLATION (0xc0000005) at pc=0x000000006515b857, pid=17352, tid=0x0000000000001ff4
#
# JRE version: Java(TM) SE Runtime Environment (8.0_162-b12) (build 1.8.0_162-b12)
# Java VM: Java HotSpot(TM) 64-Bit Server VM (25.162-b12 mixed mode windows-amd64 compressed oops)
# Problematic frame:
# V  [jvm.dll+0x51b857]
#
# Failed to write core dump. Minidumps are not enabled by default on client versions of Windows
#
# If you would like to submit a bug report, please visit:
#   http://bugreport.java.com/bugreport/crash.jsp
#

---------------  T H R E A D  ---------------

Current thread (0x0000000002da2000):  JavaThread "main" [_thread_in_vm, id=8180, stack(0x0000000002c20000,0x0000000002d20000)]

siginfo: ExceptionCode=0xc0000005, reading address 0xffffffffffffffff

Registers:
RAX=0x00000000d9d00e00, RBX=0x0000000002da2000, RCX=0x0001000100000208, RDX=0x0000000000000070
RSP=0x0000000002d1b9c0, RBP=0x00000000d9d00e00, RSI=0x0000000000000070, RDI=0x0001000100000208
R8 =0x0000000002da2000, R9 =0x000000000000003f, R10=0x000000006515b830, R11=0x0000000000000030
R12=0x0000000000000000, R13=0x0000000000000030, R14=0x000000000000003f, R15=0x0000000002da2000
RIP=0x000000006515b857, EFLAGS=0x0000000000010206

Top of Stack: (sp=0x0000000002d1b9c0)
0x0000000002d1b9c0:   0000000000827fe1 0000004e00817fe2
0x0000000002d1b9d0:   0000000000000001 00000000804027b0
0x0000000002d1b9e0:   00000000d9d00f08 0000000003153649
0x0000000002d1b9f0:   0000000002da2000 00000000d9d00e18
0x0000000002d1ba00:   00000000d9d00e00 000000001c49f000
0x0000000002d1ba10:   00000000d9d00e00 00000000035df0bc
0x0000000002d1ba20:   0000003ed9d009f8 000000010009c680
0x0000000002d1ba30:   00000000d9d007e0 00000000d9d009e0
0x0000000002d1ba40:   00000000d9d00d50 00000000808fa7b0
0x0000000002d1ba50:   00000000d9d00e00 00000000808fa7b0
0x0000000002d1ba60:   00000000d9d00d50 808fa7e8808fa7d0
0x0000000002d1ba70:   00000000d9d00e00 0000003f00000030
0x0000000002d1ba80:   0000000000000030 000000700000006f
0x0000000002d1ba90:   000000000000003f 000000000000006f
0x0000000002d1baa0:   00000000808fa7d0 000000000000005c
0x0000000002d1bab0:   00000000d9cfdea8 0000000000000001 

Instructions: (pc=0x000000006515b857)
0x000000006515b837:   74 24 18 57 48 83 ec 20 49 8b d8 8b f2 48 8b f9
0x000000006515b847:   48 89 5c 24 30 41 c7 80 70 02 00 00 06 00 00 00
0x000000006515b857:   8b 41 08 3d 00 00 00 c0 72 0d c1 f8 08 0f b6 c8
0x000000006515b867:   e8 d4 e7 bc ff eb 2e 48 8b 01 ff 90 b0 00 00 00 


Register to memory mapping:

RAX=0x00000000d9d00e00 is an oop
java.lang.String 
 - klass: 'java/lang/String'
RBX=0x0000000002da2000 is a thread
RCX=0x0001000100000208 is an unknown value
RDX=0x0000000000000070 is an unknown value
RSP=0x0000000002d1b9c0 is pointing into the stack for thread: 0x0000000002da2000
RBP=0x00000000d9d00e00 is an oop
java.lang.String 
 - klass: 'java/lang/String'
RSI=0x0000000000000070 is an unknown value
RDI=0x0001000100000208 is an unknown value
R8 =0x0000000002da2000 is a thread
R9 =0x000000000000003f is an unknown value
R10=0x000000006515b830 is an unknown value
R11=0x0000000000000030 is an unknown value
R12=0x0000000000000000 is an unknown value
R13=0x0000000000000030 is an unknown value
R14=0x000000000000003f is an unknown value
R15=0x0000000002da2000 is a thread


Stack: [0x0000000002c20000,0x0000000002d20000],  sp=0x0000000002d1b9c0,  free space=1006k
Native frames: (J=compiled Java code, j=interpreted, Vv=VM code, C=native code)
V  [jvm.dll+0x51b857]
C  0x0000000003153649

Java frames: (J=compiled Java code, j=interpreted, Vv=VM code)
v  ~RuntimeStub::_new_array_Java
J 1636 C2 java.io.File.<init>(Ljava/io/File;Ljava/lang/String;)V (113 bytes) @ 0x00000000035df0bc [0x00000000035deb00+0x5bc]
J 749 C2 sun.misc.URLClassPath.getResource(Ljava/lang/String;Z)Lsun/misc/Resource; (83 bytes) @ 0x0000000003376af4 [0x0000000003376220+0x8d4]
J 1664 C2 java.net.URLClassLoader$1.run()Ljava/lang/Object; (5 bytes) @ 0x00000000037290a8 [0x0000000003728b60+0x548]
v  ~StubRoutines::call_stub
J 258  java.security.AccessController.doPrivileged(Ljava/security/PrivilegedExceptionAction;Ljava/security/AccessControlContext;)Ljava/lang/Object; (0 bytes) @ 0x00000000031f9ba6 [0x00000000031f9b40+0x66]
J 1471 C2 java.lang.ClassLoader.loadClass(Ljava/lang/String;Z)Ljava/lang/Class; (122 bytes) @ 0x000000000357849c [0x0000000003577940+0xb5c]
J 336 C1 sun.misc.Launcher$AppClassLoader.loadClass(Ljava/lang/String;Z)Ljava/lang/Class; (85 bytes) @ 0x00000000032531f4 [0x0000000003252820+0x9d4]
J 335 C1 java.lang.ClassLoader.loadClass(Ljava/lang/String;)Ljava/lang/Class; (7 bytes) @ 0x0000000003253d5c [0x0000000003253c40+0x11c]
v  ~StubRoutines::call_stub
j  net.bytebuddy.description.type.TypeList$Generic$AbstractBase.asTokenList(Lnet/bytebuddy/matcher/ElementMatcher;)Lnet/bytebuddy/description/ByteCodeElement$Token$TokenList;+53
j  net.bytebuddy.description.method.MethodDescription$AbstractBase.asToken(Lnet/bytebuddy/matcher/ElementMatcher;)Lnet/bytebuddy/description/method/MethodDescription$Token;+22
j  net.bytebuddy.description.method.MethodDescription$AbstractBase.asToken(Lnet/bytebuddy/matcher/ElementMatcher;)Lnet/bytebuddy/description/ByteCodeElement$Token;+2
j  net.bytebuddy.description.method.MethodList$AbstractBase.asTokenList(Lnet/bytebuddy/matcher/ElementMatcher;)Lnet/bytebuddy/description/ByteCodeElement$Token$TokenList;+41
j  net.bytebuddy.dynamic.scaffold.subclass.ConstructorStrategy$Default$5.doExtractConstructors(Lnet/bytebuddy/description/type/TypeDescription;)Ljava/util/List;+51
j  net.bytebuddy.dynamic.scaffold.subclass.ConstructorStrategy$Default.extractConstructors(Lnet/bytebuddy/description/type/TypeDescription;)Ljava/util/List;+2
j  net.bytebuddy.dynamic.scaffold.subclass.SubclassDynamicTypeBuilder.applyConstructorStrategy(Lnet/bytebuddy/dynamic/scaffold/InstrumentedType;)Lnet/bytebuddy/dynamic/scaffold/InstrumentedType;+14
j  net.bytebuddy.dynamic.scaffold.subclass.SubclassDynamicTypeBuilder.make(Lnet/bytebuddy/dynamic/TypeResolutionStrategy;Lnet/bytebuddy/pool/TypePool;)Lnet/bytebuddy/dynamic/DynamicType$Unloaded;+22
j  net.bytebuddy.dynamic.scaffold.subclass.SubclassDynamicTypeBuilder.make(Lnet/bytebuddy/dynamic/TypeResolutionStrategy;)Lnet/bytebuddy/dynamic/DynamicType$Unloaded;+5
j  net.bytebuddy.dynamic.DynamicType$Builder$AbstractBase.make()Lnet/bytebuddy/dynamic/DynamicType$Unloaded;+4
j  net.bytebuddy.dynamic.DynamicType$Builder$AbstractBase$Delegator.make()Lnet/bytebuddy/dynamic/DynamicType$Unloaded;+4
j  org.mockito.internal.creation.bytebuddy.SubclassBytecodeGenerator.mockClass(Lorg/mockito/internal/creation/bytebuddy/MockFeatures;)Ljava/lang/Class;+518
j  org.mockito.internal.creation.bytebuddy.TypeCachingBytecodeGenerator$1.call()Ljava/lang/Class;+11
j  org.mockito.internal.creation.bytebuddy.TypeCachingBytecodeGenerator$1.call()Ljava/lang/Object;+1
j  net.bytebuddy.TypeCache.findOrInsert(Ljava/lang/ClassLoader;Ljava/lang/Object;Ljava/util/concurrent/Callable;)Ljava/lang/Class;+20
j  net.bytebuddy.TypeCache$WithInlineExpunction.findOrInsert(Ljava/lang/ClassLoader;Ljava/lang/Object;Ljava/util/concurrent/Callable;)Ljava/lang/Class;+4
j  net.bytebuddy.TypeCache.findOrInsert(Ljava/lang/ClassLoader;Ljava/lang/Object;Ljava/util/concurrent/Callable;Ljava/lang/Object;)Ljava/lang/Class;+26
j  net.bytebuddy.TypeCache$WithInlineExpunction.findOrInsert(Ljava/lang/ClassLoader;Ljava/lang/Object;Ljava/util/concurrent/Callable;Ljava/lang/Object;)Ljava/lang/Class;+6
j  org.mockito.internal.creation.bytebuddy.TypeCachingBytecodeGenerator.mockClass(Lorg/mockito/internal/creation/bytebuddy/MockFeatures;)Ljava/lang/Class;+58
j  org.mockito.internal.creation.bytebuddy.SubclassByteBuddyMockMaker.createMockType(Lorg/mockito/mock/MockCreationSettings;)Ljava/lang/Class;+31
j  org.mockito.internal.creation.bytebuddy.SubclassByteBuddyMockMaker.createMock(Lorg/mockito/mock/MockCreationSettings;Lorg/mockito/invocation/MockHandler;)Ljava/lang/Object;+2
j  org.mockito.internal.creation.bytebuddy.ByteBuddyMockMaker.createMock(Lorg/mockito/mock/MockCreationSettings;Lorg/mockito/invocation/MockHandler;)Ljava/lang/Object;+6
j  org.mockito.internal.util.MockUtil.createMock(Lorg/mockito/mock/MockCreationSettings;)Ljava/lang/Object;+10
j  org.mockito.internal.MockitoCore.mock(Ljava/lang/Class;Lorg/mockito/MockSettings;)Ljava/lang/Object;+66
j  org.mockito.Mockito.mock(Ljava/lang/Class;Lorg/mockito/MockSettings;)Ljava/lang/Object;+5
j  org.mockito.internal.configuration.MockAnnotationProcessor.process(Lorg/mockito/Mock;Ljava/lang/reflect/Field;)Ljava/lang/Object;+118
j  org.mockito.internal.configuration.MockAnnotationProcessor.process(Ljava/lang/annotation/Annotation;Ljava/lang/reflect/Field;)Ljava/lang/Object;+6
j  org.mockito.internal.configuration.IndependentAnnotationEngine.createMockFor(Ljava/lang/annotation/Annotation;Ljava/lang/reflect/Field;)Ljava/lang/Object;+7
j  org.mockito.internal.configuration.IndependentAnnotationEngine.process(Ljava/lang/Class;Ljava/lang/Object;)V+67
j  org.mockito.internal.configuration.InjectingAnnotationEngine.processIndependentAnnotations(Ljava/lang/Class;Ljava/lang/Object;)V+14
j  org.mockito.internal.configuration.InjectingAnnotationEngine.process(Ljava/lang/Class;Ljava/lang/Object;)V+6
j  org.mockito.MockitoAnnotations.initMocks(Ljava/lang/Object;)V+31
j  org.springframework.boot.test.mock.mockito.MockitoTestExecutionListener.initMocks(Lorg/springframework/test/context/TestContext;)V+14
j  org.springframework.boot.test.mock.mockito.MockitoTestExecutionListener.prepareTestInstance(Lorg/springframework/test/context/TestContext;)V+2
j  org.springframework.test.context.TestContextManager.prepareTestInstance(Ljava/lang/Object;)V+89
j  org.springframework.test.context.junit4.SpringJUnit4ClassRunner.createTest()Ljava/lang/Object;+10
j  org.springframework.test.context.junit4.SpringJUnit4ClassRunner$1.runReflectiveCall()Ljava/lang/Object;+4
j  org.junit.internal.runners.model.ReflectiveCallable.run()Ljava/lang/Object;+1
j  org.springframework.test.context.junit4.SpringJUnit4ClassRunner.methodBlock(Lorg/junit/runners/model/FrameworkMethod;)Lorg/junit/runners/model/Statement;+8
j  org.springframework.test.context.junit4.SpringJUnit4ClassRunner.runChild(Lorg/junit/runners/model/FrameworkMethod;Lorg/junit/runner/notification/RunNotifier;)V+24
j  org.springframework.test.context.junit4.SpringJUnit4ClassRunner.runChild(Ljava/lang/Object;Lorg/junit/runner/notification/RunNotifier;)V+6
j  org.junit.runners.ParentRunner$3.run()V+12
j  org.junit.runners.ParentRunner$1.schedule(Ljava/lang/Runnable;)V+1
j  org.junit.runners.ParentRunner.runChildren(Lorg/junit/runner/notification/RunNotifier;)V+44
j  org.junit.runners.ParentRunner.access$000(Lorg/junit/runners/ParentRunner;Lorg/junit/runner/notification/RunNotifier;)V+2
j  org.junit.runners.ParentRunner$2.evaluate()V+8
j  org.springframework.test.context.junit4.statements.RunBeforeTestClassCallbacks.evaluate()V+11
j  org.springframework.test.context.junit4.statements.RunAfterTestClassCallbacks.evaluate()V+12
j  org.junit.runners.ParentRunner.run(Lorg/junit/runner/notification/RunNotifier;)V+20
j  org.springframework.test.context.junit4.SpringJUnit4ClassRunner.run(Lorg/junit/runner/notification/RunNotifier;)V+24
j  org.junit.runner.JUnitCore.run(Lorg/junit/runner/Runner;)Lorg/junit/runner/Result;+37
j  com.intellij.junit4.JUnit4IdeaTestRunner.startRunnerWithArgs([Ljava/lang/String;Ljava/lang/String;IZ)I+146
j  com.intellij.rt.execution.junit.IdeaTestRunner$Repeater.startRunnerWithArgs(Lcom/intellij/rt/execution/junit/IdeaTestRunner;[Ljava/lang/String;Ljava/util/ArrayList;Ljava/lang/String;IZ)I+20
j  com.intellij.rt.execution.junit.JUnitStarter.prepareStreamsAndStart([Ljava/lang/String;Ljava/lang/String;Ljava/util/ArrayList;Ljava/lang/String;)I+116
j  com.intellij.rt.execution.junit.JUnitStarter.main([Ljava/lang/String;)V+116
v  ~StubRoutines::call_stub

---------------  P R O C E S S  ---------------

Java Threads: ( => current thread )
  0x000000001ad90800 JavaThread "Service Thread" daemon [_thread_blocked, id=8680, stack(0x000000001b650000,0x000000001b750000)]
  0x000000001ad15000 JavaThread "C1 CompilerThread3" daemon [_thread_blocked, id=13012, stack(0x000000001b550000,0x000000001b650000)]
  0x000000001ac6e800 JavaThread "C2 CompilerThread2" daemon [_thread_blocked, id=8772, stack(0x000000001b450000,0x000000001b550000)]
  0x000000001ac6d800 JavaThread "C2 CompilerThread1" daemon [_thread_blocked, id=15144, stack(0x000000001b350000,0x000000001b450000)]
  0x000000001ac39000 JavaThread "C2 CompilerThread0" daemon [_thread_blocked, id=6628, stack(0x000000001b250000,0x000000001b350000)]
  0x0000000019fac000 JavaThread "JDWP Command Reader" daemon [_thread_in_native, id=7232, stack(0x000000001a950000,0x000000001aa50000)]
  0x0000000019fab000 JavaThread "JDWP Event Helper Thread" daemon [_thread_blocked, id=11140, stack(0x000000001a850000,0x000000001a950000)]
  0x0000000019fa3800 JavaThread "JDWP Transport Listener: dt_socket" daemon [_thread_blocked, id=12368, stack(0x000000001a750000,0x000000001a850000)]
  0x0000000019f97800 JavaThread "Attach Listener" daemon [_thread_blocked, id=7624, stack(0x000000001a650000,0x000000001a750000)]
  0x0000000019f96800 JavaThread "Signal Dispatcher" daemon [_thread_blocked, id=10276, stack(0x000000001a550000,0x000000001a650000)]
  0x0000000018095800 JavaThread "Finalizer" daemon [_thread_blocked, id=16056, stack(0x000000001a360000,0x000000001a460000)]
  0x000000001808e800 JavaThread "Reference Handler" daemon [_thread_blocked, id=1764, stack(0x0000000019e60000,0x0000000019f60000)]
=>0x0000000002da2000 JavaThread "main" [_thread_in_vm, id=8180, stack(0x0000000002c20000,0x0000000002d20000)]

Other Threads:
  0x0000000002e9e800 VMThread [stack: 0x0000000019d60000,0x0000000019e60000] [id=17112]
  0x000000001ae67000 WatcherThread [stack: 0x000000001b750000,0x000000001b850000] [id=4984]

VM state:not at safepoint (normal execution)

VM Mutex/Monitor currently owned by a thread: None

Heap:
 PSYoungGen      total 138240K, used 71683K [0x00000000d5700000, 0x00000000de300000, 0x0000000100000000)
  eden space 133120K, 53% used [0x00000000d5700000,0x00000000d9d00ed8,0x00000000dd900000)
  from space 5120K, 0% used [0x00000000dde00000,0x00000000dde00000,0x00000000de300000)
  to   space 5120K, 0% used [0x00000000dd900000,0x00000000dd900000,0x00000000dde00000)
 ParOldGen       total 57856K, used 8092K [0x0000000080400000, 0x0000000083c80000, 0x00000000d5700000)
  object space 57856K, 13% used [0x0000000080400000,0x0000000080be71e8,0x0000000083c80000)
 Metaspace       used 26832K, capacity 27570K, committed 27648K, reserved 1073152K
  class space    used 3626K, capacity 3806K, committed 3840K, reserved 1048576K

Card table byte_map: [0x0000000012410000,0x0000000012810000] byte_map_base: 0x000000001200e000

Marking Bits: (ParMarkBitMap*) 0x0000000065460860
 Begin Bits: [0x00000000132c0000, 0x00000000152b0000)
 End Bits:   [0x00000000152b0000, 0x00000000172a0000)

Polling page: 0x0000000002bb0000

CodeCache: size=245760Kb used=7330Kb max_used=7330Kb free=238429Kb
 bounds [0x0000000003050000, 0x0000000003780000, 0x0000000012050000]
 total_blobs=2332 nmethods=1952 adapters=301
 compilation: enabled

Compilation events (10 events):
Event: 3.731 Thread 0x000000001ad15000 1961   !   3       java.lang.reflect.Proxy::newProxyInstance (174 bytes)
Event: 3.733 Thread 0x000000001ad15000 nmethod 1961 0x0000000003778790 code [0x0000000003778b00, 0x000000000377a348]
Event: 3.733 Thread 0x000000001ad15000 1962       3       java.lang.reflect.Proxy::getProxyClass0 (29 bytes)
Event: 3.733 Thread 0x000000001ad15000 nmethod 1962 0x000000000376c3d0 code [0x000000000376c560, 0x000000000376c958]
Event: 3.733 Thread 0x000000001ad15000 1954       3       java.nio.HeapByteBuffer::<init> (14 bytes)
Event: 3.733 Thread 0x000000001ad15000 nmethod 1954 0x000000000376bfd0 code [0x000000000376c140, 0x000000000376c308]
Event: 3.747 Thread 0x000000001ad15000 1963       3       java.lang.reflect.Proxy$Key1::equals (47 bytes)
Event: 3.747 Thread 0x000000001ad15000 nmethod 1963 0x000000000376b6d0 code [0x000000000376b860, 0x000000000376beb0]
Event: 3.761 Thread 0x000000001ad15000 1964       3       java.util.ArrayList::addAll (54 bytes)
Event: 3.762 Thread 0x000000001ad15000 nmethod 1964 0x000000000377b2d0 code [0x000000000377b480, 0x000000000377bb88]

GC Heap History (10 events):
Event: 1.352 GC heap before
{Heap before GC invocations=1 (full 0):
 PSYoungGen      total 38400K, used 33280K [0x00000000d5700000, 0x00000000d8180000, 0x0000000100000000)
  eden space 33280K, 100% used [0x00000000d5700000,0x00000000d7780000,0x00000000d7780000)
  from space 5120K, 0% used [0x00000000d7c80000,0x00000000d7c80000,0x00000000d8180000)
  to   space 5120K, 0% used [0x00000000d7780000,0x00000000d7780000,0x00000000d7c80000)
 ParOldGen       total 87552K, used 0K [0x0000000080400000, 0x0000000085980000, 0x00000000d5700000)
  object space 87552K, 0% used [0x0000000080400000,0x0000000080400000,0x0000000085980000)
 Metaspace       used 8186K, capacity 8334K, committed 8576K, reserved 1056768K
  class space    used 950K, capacity 1031K, committed 1152K, reserved 1048576K
Event: 1.366 GC heap after
Heap after GC invocations=1 (full 0):
 PSYoungGen      total 38400K, used 4136K [0x00000000d5700000, 0x00000000da200000, 0x0000000100000000)
  eden space 33280K, 0% used [0x00000000d5700000,0x00000000d5700000,0x00000000d7780000)
  from space 5120K, 80% used [0x00000000d7780000,0x00000000d7b8a3b8,0x00000000d7c80000)
  to   space 5120K, 0% used [0x00000000d9d00000,0x00000000d9d00000,0x00000000da200000)
 ParOldGen       total 87552K, used 8K [0x0000000080400000, 0x0000000085980000, 0x00000000d5700000)
  object space 87552K, 0% used [0x0000000080400000,0x0000000080402000,0x0000000085980000)
 Metaspace       used 8186K, capacity 8334K, committed 8576K, reserved 1056768K
  class space    used 950K, capacity 1031K, committed 1152K, reserved 1048576K
}
Event: 1.955 GC heap before
{Heap before GC invocations=2 (full 0):
 PSYoungGen      total 38400K, used 37416K [0x00000000d5700000, 0x00000000da200000, 0x0000000100000000)
  eden space 33280K, 100% used [0x00000000d5700000,0x00000000d7780000,0x00000000d7780000)
  from space 5120K, 80% used [0x00000000d7780000,0x00000000d7b8a3b8,0x00000000d7c80000)
  to   space 5120K, 0% used [0x00000000d9d00000,0x00000000d9d00000,0x00000000da200000)
 ParOldGen       total 87552K, used 8K [0x0000000080400000, 0x0000000085980000, 0x00000000d5700000)
  object space 87552K, 0% used [0x0000000080400000,0x0000000080402000,0x0000000085980000)
 Metaspace       used 11591K, capacity 11848K, committed 12032K, reserved 1060864K
  class space    used 1397K, capacity 1506K, committed 1536K, reserved 1048576K
Event: 1.963 GC heap after
Heap after GC invocations=2 (full 0):
 PSYoungGen      total 71680K, used 4674K [0x00000000d5700000, 0x00000000da200000, 0x0000000100000000)
  eden space 66560K, 0% used [0x00000000d5700000,0x00000000d5700000,0x00000000d9800000)
  from space 5120K, 91% used [0x00000000d9d00000,0x00000000da190918,0x00000000da200000)
  to   space 5120K, 0% used [0x00000000d9800000,0x00000000d9800000,0x00000000d9d00000)
 ParOldGen       total 87552K, used 16K [0x0000000080400000, 0x0000000085980000, 0x00000000d5700000)
  object space 87552K, 0% used [0x0000000080400000,0x0000000080404000,0x0000000085980000)
 Metaspace       used 11591K, capacity 11848K, committed 12032K, reserved 1060864K
  class space    used 1397K, capacity 1506K, committed 1536K, reserved 1048576K
}
Event: 2.513 GC heap before
{Heap before GC invocations=3 (full 0):
 PSYoungGen      total 71680K, used 71234K [0x00000000d5700000, 0x00000000da200000, 0x0000000100000000)
  eden space 66560K, 100% used [0x00000000d5700000,0x00000000d9800000,0x00000000d9800000)
  from space 5120K, 91% used [0x00000000d9d00000,0x00000000da190918,0x00000000da200000)
  to   space 5120K, 0% used [0x00000000d9800000,0x00000000d9800000,0x00000000d9d00000)
 ParOldGen       total 87552K, used 16K [0x0000000080400000, 0x0000000085980000, 0x00000000d5700000)
  object space 87552K, 0% used [0x0000000080400000,0x0000000080404000,0x0000000085980000)
 Metaspace       used 16703K, capacity 17272K, committed 17536K, reserved 1064960K
  class space    used 2172K, capacity 2323K, committed 2432K, reserved 1048576K
Event: 2.528 GC heap after
Heap after GC invocations=3 (full 0):
 PSYoungGen      total 71680K, used 5110K [0x00000000d5700000, 0x00000000de300000, 0x0000000100000000)
  eden space 66560K, 0% used [0x00000000d5700000,0x00000000d5700000,0x00000000d9800000)
  from space 5120K, 99% used [0x00000000d9800000,0x00000000d9cfd8f0,0x00000000d9d00000)
  to   space 5120K, 0% used [0x00000000dde00000,0x00000000dde00000,0x00000000de300000)
 ParOldGen       total 87552K, used 2803K [0x0000000080400000, 0x0000000085980000, 0x00000000d5700000)
  object space 87552K, 3% used [0x0000000080400000,0x00000000806bcc20,0x0000000085980000)
 Metaspace       used 16703K, capacity 17272K, committed 17536K, reserved 1064960K
  class space    used 2172K, capacity 2323K, committed 2432K, reserved 1048576K
}
Event: 2.786 GC heap before
{Heap before GC invocations=4 (full 0):
 PSYoungGen      total 71680K, used 47398K [0x00000000d5700000, 0x00000000de300000, 0x0000000100000000)
  eden space 66560K, 63% used [0x00000000d5700000,0x00000000d804c298,0x00000000d9800000)
  from space 5120K, 99% used [0x00000000d9800000,0x00000000d9cfd8f0,0x00000000d9d00000)
  to   space 5120K, 0% used [0x00000000dde00000,0x00000000dde00000,0x00000000de300000)
 ParOldGen       total 87552K, used 2803K [0x0000000080400000, 0x0000000085980000, 0x00000000d5700000)
  object space 87552K, 3% used [0x0000000080400000,0x00000000806bcc20,0x0000000085980000)
 Metaspace       used 20616K, capacity 21222K, committed 21296K, reserved 1069056K
  class space    used 2620K, capacity 2782K, committed 2816K, reserved 1048576K
Event: 2.801 GC heap after
Heap after GC invocations=4 (full 0):
 PSYoungGen      total 138240K, used 5102K [0x00000000d5700000, 0x00000000de300000, 0x0000000100000000)
  eden space 133120K, 0% used [0x00000000d5700000,0x00000000d5700000,0x00000000dd900000)
  from space 5120K, 99% used [0x00000000dde00000,0x00000000de2fba38,0x00000000de300000)
  to   space 5120K, 0% used [0x00000000dd900000,0x00000000dd900000,0x00000000dde00000)
 ParOldGen       total 87552K, used 5969K [0x0000000080400000, 0x0000000085980000, 0x00000000d5700000)
  object space 87552K, 6% used [0x0000000080400000,0x00000000809d46e8,0x0000000085980000)
 Metaspace       used 20616K, capacity 21222K, committed 21296K, reserved 1069056K
  class space    used 2620K, capacity 2782K, committed 2816K, reserved 1048576K
}
Event: 2.801 GC heap before
{Heap before GC invocations=5 (full 1):
 PSYoungGen      total 138240K, used 5102K [0x00000000d5700000, 0x00000000de300000, 0x0000000100000000)
  eden space 133120K, 0% used [0x00000000d5700000,0x00000000d5700000,0x00000000dd900000)
  from space 5120K, 99% used [0x00000000dde00000,0x00000000de2fba38,0x00000000de300000)
  to   space 5120K, 0% used [0x00000000dd900000,0x00000000dd900000,0x00000000dde00000)
 ParOldGen       total 87552K, used 5969K [0x0000000080400000, 0x0000000085980000, 0x00000000d5700000)
  object space 87552K, 6% used [0x0000000080400000,0x00000000809d46e8,0x0000000085980000)
 Metaspace       used 20616K, capacity 21222K, committed 21296K, reserved 1069056K
  class space    used 2620K, capacity 2782K, committed 2816K, reserved 1048576K
Event: 2.839 GC heap after
Heap after GC invocations=5 (full 1):
 PSYoungGen      total 138240K, used 0K [0x00000000d5700000, 0x00000000de300000, 0x0000000100000000)
  eden space 133120K, 0% used [0x00000000d5700000,0x00000000d5700000,0x00000000dd900000)
  from space 5120K, 0% used [0x00000000dde00000,0x00000000dde00000,0x00000000de300000)
  to   space 5120K, 0% used [0x00000000dd900000,0x00000000dd900000,0x00000000dde00000)
 ParOldGen       total 57856K, used 8092K [0x0000000080400000, 0x0000000083c80000, 0x00000000d5700000)
  object space 57856K, 13% used [0x0000000080400000,0x0000000080be71e8,0x0000000083c80000)
 Metaspace       used 20616K, capacity 21222K, committed 21296K, reserved 1069056K
  class space    used 2620K, capacity 2782K, committed 2816K, reserved 1048576K
}

Deoptimization events (10 events):
Event: 2.266 Thread 0x0000000002da2000 Uncommon trap: reason=unstable_if action=reinterpret pc=0x00000000034680fc method=java.net.URL.<init>(Ljava/net/URL;Ljava/lang/String;Ljava/net/URLStreamHandler;)V @ 347
Event: 2.426 Thread 0x0000000002da2000 Uncommon trap: reason=unstable_if action=reinterpret pc=0x000000000334c6e0 method=java.util.HashMap.hash(Ljava/lang/Object;)I @ 1
Event: 2.427 Thread 0x0000000002da2000 Uncommon trap: reason=unstable_if action=reinterpret pc=0x000000000332c3ec method=java.util.HashMap.hash(Ljava/lang/Object;)I @ 1
Event: 2.513 Thread 0x0000000019fe5800 Uncommon trap: reason=bimorphic action=maybe_recompile pc=0x00000000033cebcc method=java.util.HashMap.putVal(ILjava/lang/Object;Ljava/lang/Object;ZZ)Ljava/lang/Object; @ 203
Event: 2.536 Thread 0x0000000019fe5800 Uncommon trap: reason=bimorphic action=maybe_recompile pc=0x00000000033cebcc method=java.util.HashMap.putVal(ILjava/lang/Object;Ljava/lang/Object;ZZ)Ljava/lang/Object; @ 203
Event: 2.539 Thread 0x0000000019fe5800 Uncommon trap: reason=bimorphic action=maybe_recompile pc=0x00000000033cebcc method=java.util.HashMap.putVal(ILjava/lang/Object;Ljava/lang/Object;ZZ)Ljava/lang/Object; @ 203
Event: 2.944 Thread 0x0000000019fe5800 Uncommon trap: reason=unstable_if action=reinterpret pc=0x000000000349af90 method=jdk.internal.org.objectweb.asm.Type.getArgumentsAndReturnSizes(Ljava/lang/String;)I @ 47
Event: 3.200 Thread 0x0000000019fe5800 Uncommon trap: reason=unstable_if action=reinterpret pc=0x0000000003652198 method=org.apache.xerces.impl.XMLEntityScanner.scanLiteral(ILorg/apache/xerces/xni/XMLString;)I @ 606
Event: 3.232 Thread 0x0000000019fe5800 Uncommon trap: reason=unstable_if action=reinterpret pc=0x0000000003664eac method=org.apache.xerces.impl.XMLEntityScanner.skipSpaces()Z @ 110
Event: 3.365 Thread 0x0000000019fe5800 Uncommon trap: reason=unstable_if action=reinterpret pc=0x00000000035d8f20 method=sun.misc.ASCIICaseInsensitiveComparator.compare(Ljava/lang/String;Ljava/lang/String;)I @ 83

Classes redefined (0 events):
No events

Internal exceptions (10 events):
Event: 2.743 Thread 0x0000000002da2000 Exception <a 'java/lang/ClassNotFoundException': org/springframework/context/event/EventListenerMethodProcessorCustomizer> (0x00000000d79638b8) thrown at [C:\re\workspace\8-2-build-windows-amd64-cygwin\jdk8u162\10278\hotspot\src\share\vm\classfile\systemD
Event: 2.744 Thread 0x0000000002da2000 Exception <a 'java/lang/ClassNotFoundException': org/springframework/beans/factory/SmartInitializingSingletonCustomizer> (0x00000000d7990820) thrown at [C:\re\workspace\8-2-build-windows-amd64-cygwin\jdk8u162\10278\hotspot\src\share\vm\classfile\systemDic
Event: 2.745 Thread 0x0000000002da2000 Exception <a 'java/lang/ClassNotFoundException': org/springframework/context/ApplicationContextAwareCustomizer> (0x00000000d79b6f78) thrown at [C:\re\workspace\8-2-build-windows-amd64-cygwin\jdk8u162\10278\hotspot\src\share\vm\classfile\systemDictionary.c
Event: 2.747 Thread 0x0000000002da2000 Exception <a 'java/lang/ClassNotFoundException': java/lang/ObjectCustomizer> (0x00000000d79cb188) thrown at [C:\re\workspace\8-2-build-windows-amd64-cygwin\jdk8u162\10278\hotspot\src\share\vm\classfile\systemDictionary.cpp, line 210]
Event: 2.748 Thread 0x0000000002da2000 Exception <a 'java/lang/ClassNotFoundException': org/springframework/context/event/DefaultEventListenerFactoryCustomizer> (0x00000000d79f88e0) thrown at [C:\re\workspace\8-2-build-windows-amd64-cygwin\jdk8u162\10278\hotspot\src\share\vm\classfile\systemDi
Event: 2.750 Thread 0x0000000002da2000 Exception <a 'java/lang/ClassNotFoundException': org/springframework/context/event/EventListenerFactoryCustomizer> (0x00000000d7b54478) thrown at [C:\re\workspace\8-2-build-windows-amd64-cygwin\jdk8u162\10278\hotspot\src\share\vm\classfile\systemDictionar
Event: 2.750 Thread 0x0000000002da2000 Exception <a 'java/lang/ClassNotFoundException': org/springframework/core/OrderedCustomizer> (0x00000000d7b739f0) thrown at [C:\re\workspace\8-2-build-windows-amd64-cygwin\jdk8u162\10278\hotspot\src\share\vm\classfile\systemDictionary.cpp, line 210]
Event: 2.753 Thread 0x0000000002da2000 Exception <a 'java/lang/ClassNotFoundException': java/lang/ObjectCustomizer> (0x00000000d7b85928) thrown at [C:\re\workspace\8-2-build-windows-amd64-cygwin\jdk8u162\10278\hotspot\src\share\vm\classfile\systemDictionary.cpp, line 210]
Event: 2.754 Thread 0x0000000002da2000 Exception <a 'java/lang/ClassNotFoundException': com/dextra/fastfood/service/PriceServiceTestsCustomizer> (0x00000000d7babf00) thrown at [C:\re\workspace\8-2-build-windows-amd64-cygwin\jdk8u162\10278\hotspot\src\share\vm\classfile\systemDictionary.cpp, li
Event: 2.949 Thread 0x0000000019fe5800 Exception <a 'java/lang/IncompatibleClassChangeError': Found class java.lang.Object, but interface was expected> (0x00000000d62fdfd0) thrown at [C:\re\workspace\8-2-build-windows-amd64-cygwin\jdk8u162\10278\hotspot\src\share\vm\interpreter\linkResolver.cp

Events (10 events):
Event: 3.777 loading class net/bytebuddy/description/type/TypeDescription$Generic$AnnotationReader$Delegator
Event: 3.777 loading class net/bytebuddy/description/type/TypeDescription$Generic$AnnotationReader$Delegator done
Event: 3.777 loading class net/bytebuddy/description/method/MethodDescription$Token
Event: 3.777 loading class net/bytebuddy/description/method/MethodDescription$Token done
Event: 3.778 loading class net/bytebuddy/description/type/TypeList$Generic$ForLoadedTypes$OfTypeVariables
Event: 3.778 loading class net/bytebuddy/description/type/TypeList$Generic$ForLoadedTypes$OfTypeVariables done
Event: 3.779 loading class net/bytebuddy/matcher/TypeSortMatcher
Event: 3.779 loading class net/bytebuddy/matcher/TypeSortMatcher done
Event: 3.779 loading class net/bytebuddy/description/ByteCodeElement$Token$TokenList
Event: 3.779 loading class net/bytebuddy/description/ByteCodeElement$Token$TokenList done


Dynamic libraries:
0x00007ff771d30000 - 0x00007ff771d67000 	C:\Program Files\Java\jdk1.8.0_162\bin\java.exe
0x00007ffb17020000 - 0x00007ffb17201000 	C:\WINDOWS\SYSTEM32\ntdll.dll
0x00007ffb14ba0000 - 0x00007ffb14c52000 	C:\WINDOWS\System32\KERNEL32.DLL
0x00007ffb13ee0000 - 0x00007ffb14153000 	C:\WINDOWS\System32\KERNELBASE.dll
0x00007ffb160a0000 - 0x00007ffb16141000 	C:\WINDOWS\System32\ADVAPI32.dll
0x00007ffb16770000 - 0x00007ffb1680e000 	C:\WINDOWS\System32\msvcrt.dll
0x00007ffb16810000 - 0x00007ffb1686b000 	C:\WINDOWS\System32\sechost.dll
0x00007ffb16ec0000 - 0x00007ffb16fe4000 	C:\WINDOWS\System32\RPCRT4.dll
0x00007ffb165b0000 - 0x00007ffb16740000 	C:\WINDOWS\System32\USER32.dll
0x00007ffb14430000 - 0x00007ffb14450000 	C:\WINDOWS\System32\win32u.dll
0x00007ffb161c0000 - 0x00007ffb161e8000 	C:\WINDOWS\System32\GDI32.dll
0x00007ffb14160000 - 0x00007ffb142f2000 	C:\WINDOWS\System32\gdi32full.dll
0x00007ffb134f0000 - 0x00007ffb1358f000 	C:\WINDOWS\System32\msvcp_win.dll
0x00007ffb133f0000 - 0x00007ffb134ea000 	C:\WINDOWS\System32\ucrtbase.dll
0x00007ffb02fe0000 - 0x00007ffb03249000 	C:\WINDOWS\WinSxS\amd64_microsoft.windows.common-controls_6595b64144ccf1df_6.0.17134.165_none_fb429645306569ac\COMCTL32.dll
0x00007ffb16b90000 - 0x00007ffb16eb3000 	C:\WINDOWS\System32\combase.dll
0x00007ffb14300000 - 0x00007ffb1437a000 	C:\WINDOWS\System32\bcryptPrimitives.dll
0x00007ffb16740000 - 0x00007ffb1676d000 	C:\WINDOWS\System32\IMM32.DLL
0x00000000654e0000 - 0x00000000655b1000 	C:\Program Files\Java\jdk1.8.0_162\jre\bin\msvcr100.dll
0x0000000064c40000 - 0x00000000654e0000 	C:\Program Files\Java\jdk1.8.0_162\jre\bin\server\jvm.dll
0x00007ffb145c0000 - 0x00007ffb145c8000 	C:\WINDOWS\System32\PSAPI.DLL
0x00007ffb0a9c0000 - 0x00007ffb0a9ca000 	C:\WINDOWS\SYSTEM32\VERSION.dll
0x00007ffb0c8d0000 - 0x00007ffb0c8d9000 	C:\WINDOWS\SYSTEM32\WSOCK32.dll
0x00007ffb113a0000 - 0x00007ffb113c3000 	C:\WINDOWS\SYSTEM32\WINMM.dll
0x00007ffb14550000 - 0x00007ffb145bc000 	C:\WINDOWS\System32\WS2_32.dll
0x00007ffb11370000 - 0x00007ffb1139a000 	C:\WINDOWS\SYSTEM32\WINMMBASE.dll
0x00007ffb13ca0000 - 0x00007ffb13ce9000 	C:\WINDOWS\System32\cfgmgr32.dll
0x00000000655e0000 - 0x00000000655ef000 	C:\Program Files\Java\jdk1.8.0_162\jre\bin\verify.dll
0x0000000064c10000 - 0x0000000064c39000 	C:\Program Files\Java\jdk1.8.0_162\jre\bin\java.dll
0x0000000064bb0000 - 0x0000000064be5000 	C:\Program Files\Java\jdk1.8.0_162\jre\bin\jdwp.dll
0x0000000064ba0000 - 0x0000000064ba8000 	C:\Program Files\Java\jdk1.8.0_162\jre\bin\npt.dll
0x0000000064b70000 - 0x0000000064b93000 	C:\Program Files\Java\jdk1.8.0_162\jre\bin\instrument.dll
0x0000000064bf0000 - 0x0000000064c06000 	C:\Program Files\Java\jdk1.8.0_162\jre\bin\zip.dll
0x00007ffb14c60000 - 0x00007ffb160a0000 	C:\WINDOWS\System32\SHELL32.dll
0x00007ffb16500000 - 0x00007ffb165a9000 	C:\WINDOWS\System32\shcore.dll
0x00007ffb13590000 - 0x00007ffb13c9d000 	C:\WINDOWS\System32\windows.storage.dll
0x00007ffb16870000 - 0x00007ffb168c1000 	C:\WINDOWS\System32\shlwapi.dll
0x00007ffb133b0000 - 0x00007ffb133c1000 	C:\WINDOWS\System32\kernel.appcore.dll
0x00007ffb13390000 - 0x00007ffb133af000 	C:\WINDOWS\System32\profapi.dll
0x00007ffb13330000 - 0x00007ffb1337c000 	C:\WINDOWS\System32\powrprof.dll
0x00007ffb13380000 - 0x00007ffb1338a000 	C:\WINDOWS\System32\FLTLIB.DLL
0x0000000064b60000 - 0x0000000064b69000 	C:\Program Files\Java\jdk1.8.0_162\jre\bin\dt_socket.dll
0x00007ffb12b00000 - 0x00007ffb12b66000 	C:\WINDOWS\system32\mswsock.dll
0x0000000064b10000 - 0x0000000064b1d000 	C:\Program Files\Java\jdk1.8.0_162\jre\bin\management.dll
0x0000000064b40000 - 0x0000000064b5a000 	C:\Program Files\Java\jdk1.8.0_162\jre\bin\net.dll
0x00007ffb0cf50000 - 0x00007ffb0cf66000 	C:\WINDOWS\system32\napinsp.dll
0x00007ffb0cf30000 - 0x00007ffb0cf4a000 	C:\WINDOWS\system32\pnrpnsp.dll
0x00007ffb0f130000 - 0x00007ffb0f149000 	C:\WINDOWS\system32\NLAapi.dll
0x00007ffb128d0000 - 0x00007ffb1298e000 	C:\WINDOWS\SYSTEM32\DNSAPI.dll
0x00007ffb161f0000 - 0x00007ffb161f8000 	C:\WINDOWS\System32\NSI.dll
0x00007ffb12890000 - 0x00007ffb128c8000 	C:\WINDOWS\SYSTEM32\IPHLPAPI.DLL
0x00007ffb0cf70000 - 0x00007ffb0cf7e000 	C:\WINDOWS\System32\winrnr.dll
0x000000006a5a0000 - 0x000000006a5c6000 	C:\Program Files\Bonjour\mdnsNSP.dll
0x00007ffb0d3d0000 - 0x00007ffb0d3da000 	C:\Windows\System32\rasadhlp.dll
0x00007ffb0dc10000 - 0x00007ffb0dc82000 	C:\WINDOWS\System32\fwpuclnt.dll
0x00007ffb13050000 - 0x00007ffb13075000 	C:\WINDOWS\SYSTEM32\bcrypt.dll
0x0000000064b20000 - 0x0000000064b31000 	C:\Program Files\Java\jdk1.8.0_162\jre\bin\nio.dll
0x00007ffb0d440000 - 0x00007ffb0d609000 	C:\WINDOWS\SYSTEM32\dbghelp.dll

VM Arguments:
jvm_args: -agentlib:jdwp=transport=dt_socket,address=127.0.0.1:55864,suspend=y,server=n -ea -Didea.test.cyclic.buffer.size=1048576 -javaagent:C:\Users\herna\.IntelliJIdea2017.3\system\captureAgent\debugger-agent.jar=C:\Users\herna\AppData\Local\Temp\capture53.props -Dfile.encoding=UTF-8 
java_command: com.intellij.rt.execution.junit.JUnitStarter -ideVersion5 -junit4 com.dextra.fastfood.service.PriceServiceTests,getSandwichPriceWithSandwichIdMeatOfferTest
java_class_path (initial): C:\Program Files\JetBrains\IntelliJ IDEA 2017.3.5\lib\idea_rt.jar;C:\Program Files\JetBrains\IntelliJ IDEA 2017.3.5\plugins\junit\lib\junit-rt.jar;C:\Program Files\JetBrains\IntelliJ IDEA 2017.3.5\plugins\junit\lib\junit5-rt.jar;C:\Program Files\Java\jdk1.8.0_162\jre\lib\charsets.jar;C:\Program Files\Java\jdk1.8.0_162\jre\lib\deploy.jar;C:\Program Files\Java\jdk1.8.0_162\jre\lib\ext\access-bridge-64.jar;C:\Program Files\Java\jdk1.8.0_162\jre\lib\ext\cldrdata.jar;C:\Program Files\Java\jdk1.8.0_162\jre\lib\ext\dnsns.jar;C:\Program Files\Java\jdk1.8.0_162\jre\lib\ext\jaccess.jar;C:\Program Files\Java\jdk1.8.0_162\jre\lib\ext\jfxrt.jar;C:\Program Files\Java\jdk1.8.0_162\jre\lib\ext\localedata.jar;C:\Program Files\Java\jdk1.8.0_162\jre\lib\ext\nashorn.jar;C:\Program Files\Java\jdk1.8.0_162\jre\lib\ext\sunec.jar;C:\Program Files\Java\jdk1.8.0_162\jre\lib\ext\sunjce_provider.jar;C:\Program Files\Java\jdk1.8.0_162\jre\lib\ext\sunmscapi.jar;C:\Program Files\Java\jdk1.8.0_162\jre\lib\ext\sunpkcs11.jar;C:\Program Files\Java\jdk1.8.0_162\jre\lib\ext\zipfs.jar;C:\Program Files\Java\jdk1.8.0_162\jre\lib\javaws.jar;C:\Program Files\Java\jdk1.8.0_162\jre\lib\jce.jar;C:\Program Files\Java\jdk1.8.0_162\jre\lib\jfr.jar;C:\Program Files\Java\jdk1.8.0_162\jre\lib\jfxswt.jar;C:\Program Files\Java\jdk1.8.0_162\jre\lib\jsse.jar;C:\Program Files\Java\jdk1.8.0_162\jre\lib\management-agent.jar;C:\Program Files\Java\jdk1.8.0_162\jre\lib\plugin.jar;C:\Program Files\Java\jdk1.8.0_162\jre\lib\resources.jar;C:\Program Files\Java\jdk1.8.0_162\jre\lib\rt.jar;C:\Users\herna\Downloads\fastfood\target\test-classes;C:\Users\herna\Downloads\fastfood\target\classes;C:\Users\herna\.m2\repository\org\springframework\boot\spring-boot-starter-data-jpa\2.0.3.RELEASE\spring-boot-starter-data-jpa-2.0.3.RELEASE.jar;C:\Users\herna\.m2\repository\org\springframework\boot\spring-boot-starter\2.0.3.RELEASE\spring-boot-starter-2.0.3.RELEASE.jar;C:\Users\herna\.m2\repository\org\springframe
Launcher Type: SUN_STANDARD

Environment Variables:
PATH=C:\Program Files\Docker\Docker\Resources\bin;C:\ProgramData\Oracle\Java\javapath;C:\WINDOWS\system32;C:\WINDOWS;C:\WINDOWS\System32\Wbem;C:\WINDOWS\System32\WindowsPowerShell\v1.0\;C:\Program Files\Git\cmd;C:\Program Files\nodejs\;C:\Program Files (x86)\Yarn\bin\;C:\PostgreSQL\pg10\bin;C:\WINDOWS\System32\OpenSSH\;C:\Program Files\Geth;C:\Program Files (x86)\Windows Kits\8.1\Windows Performance Toolkit\;C:\Users\herna\AppData\Local\Programs\Python\Python37;C:\Users\herna\AppData\Local\Programs\Python\Python37\Scripts;C:\Program Files (x86)\QuickTime\QTSystem\;C:\Users\herna\scoop\shims;C:\Users\herna\AppData\Local\Microsoft\WindowsApps;C:\Users\herna\AppData\Roaming\npm;C:\Program Files\Java\jdk1.8.0_162\bin;C:\Users\herna\AppData\Local\Yarn\bin;C:\Users\herna\AppData\Local\atom\bin;C:\Users\herna\AppData\Local\Microsoft\WindowsApps;C:\Users\herna\AppData\Local\Programs\Python\Python37;C:\Users\herna\AppData\Local\Programs\Python\Python37\Scripts;
USERNAME=herna
OS=Windows_NT
PROCESSOR_IDENTIFIER=AMD64 Family 21 Model 2 Stepping 0, AuthenticAMD



---------------  S Y S T E M  ---------------

OS: Windows 10.0 , 64 bit Build 17134 (10.0.17134.1)

CPU:total 8 (initial active 8) (8 cores per cpu, 1 threads per core) family 21 model 2 stepping 0, cmov, cx8, fxsr, mmx, sse, sse2, sse3, ssse3, sse4.1, sse4.2, popcnt, avx, aes, clmul, mmxext, 3dnowpref, lzcnt, sse4a, tsc, tscinvbit, tscinv, bmi1

Memory: 4k page, physical 8370036k(584512k free), swap 21062448k(6361992k free)

vm_info: Java HotSpot(TM) 64-Bit Server VM (25.162-b12) for windows-amd64 JRE (1.8.0_162-b12), built on Dec 19 2017 20:00:03 by "java_re" with MS VC++ 10.0 (VS2010)

time: Thu Jul 19 13:23:09 2018
elapsed time: 3 seconds (0d 0h 0m 3s)

